<?xml version="1.0" encoding="UTF-8"?>
<!-- Generated by org.testng.reporters.JUnitReportReporter -->
<testsuite hostname="LAPTOP-N4M4J27U" failures="0" tests="1" name="testng.TNG_002" time="9.418" errors="0" timestamp="10 Dec 2022 01:21:10 GMT" skipped="0">
  <testcase classname="testng.TNG_002" name="amazon" time="9.418"/>
</testsuite> <!-- testng.TNG_002 -->
