<?xml version="1.0" encoding="UTF-8"?>
<!-- Generated by org.testng.reporters.JUnitReportReporter -->
<testsuite skipped="0" hostname="DESKTOP-JCJ8HOK" name="excelDriven.DataManagementwithDataproviders" tests="2" failures="0" timestamp="02 Dec 2022 01:18:14 GMT" time="0.015" errors="0">
  <testcase name="f" time="0.002" classname="excelDriven.DataManagementwithDataproviders"/>
  <testcase name="f" time="0.013" classname="excelDriven.DataManagementwithDataproviders"/>
</testsuite> <!-- excelDriven.DataManagementwithDataproviders -->
