<?xml version="1.0" encoding="UTF-8"?>
<!-- Generated by org.testng.reporters.JUnitReportReporter -->
<testsuite skipped="0" hostname="DESKTOP-JCJ8HOK" name="testng.RadioButton1" tests="1" failures="0" timestamp="17 Nov 2022 01:06:59 GMT" time="22.123" errors="0">
  <testcase name="radioButtonTest" time="22.123" classname="testng.RadioButton1"/>
</testsuite> <!-- testng.RadioButton1 -->
