<?xml version="1.0" encoding="UTF-8"?>
<!-- Generated by org.testng.reporters.JUnitReportReporter -->
<testsuite skipped="0" hostname="DESKTOP-JCJ8HOK" name="excelDriven.DataManagementwithHashTables" tests="2" failures="0" timestamp="02 Dec 2022 01:19:42 GMT" time="0.018" errors="0">
  <testcase name="f" time="0.014" classname="excelDriven.DataManagementwithHashTables"/>
  <testcase name="f" time="0.004" classname="excelDriven.DataManagementwithHashTables"/>
</testsuite> <!-- excelDriven.DataManagementwithHashTables -->
