<?xml version="1.0" encoding="UTF-8"?>
<!-- Generated by org.testng.reporters.JUnitReportReporter -->
<testsuite skipped="0" hostname="DESKTOP-JCJ8HOK" name="pom.POM_001" tests="1" failures="0" timestamp="05 Dec 2022 01:12:23 GMT" time="8.829" errors="0">
  <testcase name="f" time="8.829" classname="pom.POM_001"/>
</testsuite> <!-- pom.POM_001 -->
