<?xml version="1.0" encoding="UTF-8"?>
<!-- Generated by org.testng.reporters.JUnitReportReporter -->
<testsuite skipped="1" hostname="DESKTOP-JCJ8HOK" name="testng.TNG_001" tests="3" failures="0" timestamp="15 Nov 2022 00:55:58 GMT" time="0.011" errors="0">
  <testcase name="f" time="0.005" classname="testng.TNG_001"/>
  <testcase name="z" time="0.006" classname="testng.TNG_001"/>
  <testcase name="a" classname="testng.TNG_001">
    <skipped/>
  </testcase> <!-- a -->
</testsuite> <!-- testng.TNG_001 -->
