<?xml version="1.0" encoding="UTF-8"?>
<!-- Generated by org.testng.reporters.JUnitReportReporter -->
<testsuite skipped="0" hostname="DESKTOP-JCJ8HOK" name="suiteB.TestB2" tests="1" failures="0" timestamp="16 Nov 2022 01:07:58 GMT" time="3.026" errors="0">
  <testcase name="testB2" time="3.026" classname="suiteB.TestB2"/>
</testsuite> <!-- suiteB.TestB2 -->
