<?xml version="1.0" encoding="UTF-8"?>
<!-- Generated by org.testng.reporters.JUnitReportReporter -->
<testsuite skipped="0" hostname="DESKTOP-JCJ8HOK" name="excelDriven.NewTest" tests="2" failures="0" timestamp="02 Dec 2022 00:51:52 GMT" time="0.028" errors="0">
  <testcase name="f" time="0.005" classname="excelDriven.NewTest"/>
  <testcase name="f" time="0.023" classname="excelDriven.NewTest"/>
</testsuite> <!-- excelDriven.NewTest -->
