<?xml version="1.0" encoding="UTF-8"?>
<!-- Generated by org.testng.reporters.JUnitReportReporter -->
<testsuite skipped="1" hostname="DESKTOP-JCJ8HOK" name="excelDriven.FinalTest" tests="2" failures="0" timestamp="02 Dec 2022 01:31:19 GMT" time="0.022" errors="0">
  <testcase name="f" time="0.019" classname="excelDriven.FinalTest"/>
  <testcase name="f" time="0.003" classname="excelDriven.FinalTest">
    <skipped/>
  </testcase> <!-- f -->
</testsuite> <!-- excelDriven.FinalTest -->
