<?xml version="1.0" encoding="UTF-8"?>
<!-- Generated by org.testng.reporters.JUnitReportReporter -->
<testsuite skipped="0" hostname="DESKTOP-JCJ8HOK" name="testng.NewTest" tests="1" failures="0" timestamp="15 Nov 2022 00:55:58 GMT" time="0.004" errors="0">
  <testcase name="f" time="0.004" classname="testng.NewTest"/>
</testsuite> <!-- testng.NewTest -->
