<?xml version="1.0" encoding="UTF-8"?>
<!-- Generated by org.testng.reporters.JUnitReportReporter -->
<testsuite skipped="0" hostname="DESKTOP-JCJ8HOK" name="suiteA.TestA2" tests="1" failures="0" timestamp="16 Nov 2022 01:07:58 GMT" time="3.020" errors="0">
  <testcase name="testA2" time="3.020" classname="suiteA.TestA2"/>
</testsuite> <!-- suiteA.TestA2 -->
